[I 15:44:45.878 NotebookApp] Serving notebooks from local directory: /home/mzouink/Desktop/DL/cell_annotation_CNN
[I 15:44:45.879 NotebookApp] The Jupyter Notebook is running at:
[I 15:44:45.879 NotebookApp] http://localhost:8888/?token=207028f2540a600150c6a4331c22f0edc1c88be258aef971
[I 15:44:45.879 NotebookApp] Use Control-C to stop this server and shut down all kernels (twice to skip confirmation).
[W 15:44:45.882 NotebookApp] No web browser found: could not locate runnable browser.
[C 15:44:45.882 NotebookApp] 
    
    To access the notebook, open this file in a browser:
        file:///run/user/1000/jupyter/nbserver-14965-open.html
    Or copy and paste one of these URLs:
        http://localhost:8888/?token=207028f2540a600150c6a4331c22f0edc1c88be258aef971
[W 15:44:51.511 NotebookApp] 404 GET /api/contents/cell_annotation_CNN?type=directory&_=1573742496276 (127.0.0.1): No such file or directory: cell_annotation_CNN
[W 15:44:51.512 NotebookApp] No such file or directory: cell_annotation_CNN
[W 15:44:51.512 NotebookApp] 404 GET /api/contents/cell_annotation_CNN?type=directory&_=1573742496276 (127.0.0.1) 2.07ms referer=http://localhost:8888/tree/cell_annotation_CNN
[W 15:45:00.242 NotebookApp] 404 GET /api/contents/cell_annotation_CNN/VGG.ipynb?content=0&_=1573742528927 (127.0.0.1): No such file or directory: cell_annotation_CNN/VGG.ipynb
[W 15:45:00.242 NotebookApp] No such file or directory: cell_annotation_CNN/VGG.ipynb
[W 15:45:00.243 NotebookApp] 404 GET /api/contents/cell_annotation_CNN/VGG.ipynb?content=0&_=1573742528927 (127.0.0.1) 2.27ms referer=http://localhost:8888/notebooks/cell_annotation_CNN/VGG.ipynb
[I 15:45:12.512 NotebookApp] Kernel started: 903d4f35-cfe1-48c7-8081-dd8cacdc85bb
[I 15:45:16.157 NotebookApp] Adapting to protocol v5.1 for kernel 903d4f35-cfe1-48c7-8081-dd8cacdc85bb
[I 15:48:17.846 NotebookApp] Creating new directory in 
[I 15:49:14.496 NotebookApp] Saving file at /VGG.ipynb
[I 15:51:13.440 NotebookApp] Saving file at /VGG.ipynb
[I 15:53:13.777 NotebookApp] Saving file at /VGG.ipynb
[I 15:55:12.923 NotebookApp] Saving file at /VGG.ipynb
[W 15:56:44.276 NotebookApp] Notebook VGG2.ipynb is not trusted
[I 15:56:47.391 NotebookApp] Kernel started: 7e27583a-cfb1-4a5d-b313-c54c208b7845
[W 15:56:48.230 NotebookApp] Notebook ConvNet model training.ipynb is not trusted
[I 15:56:48.923 NotebookApp] Adapting to protocol v5.1 for kernel 7e27583a-cfb1-4a5d-b313-c54c208b7845
[I 15:56:50.186 NotebookApp] Kernel started: 38405869-92d7-44ae-bf8f-5d034bd52441
[I 15:56:51.397 NotebookApp] Adapting to protocol v5.1 for kernel 38405869-92d7-44ae-bf8f-5d034bd52441
[I 15:57:01.332 NotebookApp] Kernel started: d91b9d19-fe77-49af-89d5-5a4ba6d07db3
[I 15:57:02.542 NotebookApp] Adapting to protocol v5.1 for kernel d91b9d19-fe77-49af-89d5-5a4ba6d07db3
[I 15:57:15.291 NotebookApp] Saving file at /VGG.ipynb
[I 15:57:15.344 NotebookApp] Saving file at /ConvNet model training.ipynb
[W 15:57:15.344 NotebookApp] Notebook ConvNet model training.ipynb is not trusted
[I 15:57:17.694 NotebookApp] Starting buffering for d91b9d19-fe77-49af-89d5-5a4ba6d07db3:1ce645258ce84d86854ff11f71477cda
[I 15:57:43.388 NotebookApp] Starting buffering for 7e27583a-cfb1-4a5d-b313-c54c208b7845:dc023d3b17b245138958bf1de49f5360
2019-11-14 15:58:06.489500: I tensorflow/core/platform/cpu_feature_guard.cc:142] Your CPU supports instructions that this TensorFlow binary was not compiled to use: SSE4.1 SSE4.2 AVX AVX2 FMA
2019-11-14 15:58:06.526102: I tensorflow/core/platform/profile_utils/cpu_utils.cc:94] CPU Frequency: 2394310000 Hz
2019-11-14 15:58:06.533811: I tensorflow/compiler/xla/service/service.cc:168] XLA service 0x5647ce509a00 executing computations on platform Host. Devices:
2019-11-14 15:58:06.533926: I tensorflow/compiler/xla/service/service.cc:175]   StreamExecutor device (0): <undefined>, <undefined>
2019-11-14 15:58:06.537900: I tensorflow/stream_executor/platform/default/dso_loader.cc:42] Successfully opened dynamic library libcuda.so.1
2019-11-14 15:58:06.736203: I tensorflow/compiler/xla/service/service.cc:168] XLA service 0x5647cec72e00 executing computations on platform CUDA. Devices:
2019-11-14 15:58:06.736301: I tensorflow/compiler/xla/service/service.cc:175]   StreamExecutor device (0): GeForce GTX 1080, Compute Capability 6.1
2019-11-14 15:58:06.737864: I tensorflow/core/common_runtime/gpu/gpu_device.cc:1640] Found device 0 with properties: 
name: GeForce GTX 1080 major: 6 minor: 1 memoryClockRate(GHz): 1.7335
pciBusID: 0000:03:00.0
2019-11-14 15:58:06.738496: I tensorflow/stream_executor/platform/default/dso_loader.cc:42] Successfully opened dynamic library libcudart.so.9.0
2019-11-14 15:58:06.740666: I tensorflow/stream_executor/platform/default/dso_loader.cc:42] Successfully opened dynamic library libcublas.so.9.0
2019-11-14 15:58:06.743211: I tensorflow/stream_executor/platform/default/dso_loader.cc:42] Successfully opened dynamic library libcufft.so.9.0
2019-11-14 15:58:06.743834: I tensorflow/stream_executor/platform/default/dso_loader.cc:42] Successfully opened dynamic library libcurand.so.9.0
2019-11-14 15:58:06.746399: I tensorflow/stream_executor/platform/default/dso_loader.cc:42] Successfully opened dynamic library libcusolver.so.9.0
2019-11-14 15:58:06.748656: I tensorflow/stream_executor/platform/default/dso_loader.cc:42] Successfully opened dynamic library libcusparse.so.9.0
2019-11-14 15:58:06.752829: I tensorflow/stream_executor/platform/default/dso_loader.cc:42] Successfully opened dynamic library libcudnn.so.7
2019-11-14 15:58:06.754080: I tensorflow/core/common_runtime/gpu/gpu_device.cc:1763] Adding visible gpu devices: 0
2019-11-14 15:58:06.754148: I tensorflow/stream_executor/platform/default/dso_loader.cc:42] Successfully opened dynamic library libcudart.so.9.0
2019-11-14 15:58:06.755604: I tensorflow/core/common_runtime/gpu/gpu_device.cc:1181] Device interconnect StreamExecutor with strength 1 edge matrix:
2019-11-14 15:58:06.755626: I tensorflow/core/common_runtime/gpu/gpu_device.cc:1187]      0 
2019-11-14 15:58:06.755636: I tensorflow/core/common_runtime/gpu/gpu_device.cc:1200] 0:   N 
2019-11-14 15:58:06.757068: I tensorflow/core/common_runtime/gpu/gpu_device.cc:1326] Created TensorFlow device (/job:localhost/replica:0/task:0/device:GPU:0 with 6677 MB memory) -> physical GPU (device: 0, name: GeForce GTX 1080, pci bus id: 0000:03:00.0, compute capability: 6.1)
2019-11-14 15:58:08.478444: I tensorflow/stream_executor/platform/default/dso_loader.cc:42] Successfully opened dynamic library libcublas.so.9.0
2019-11-14 15:58:08.635584: I tensorflow/stream_executor/platform/default/dso_loader.cc:42] Successfully opened dynamic library libcudnn.so.7
2019-11-14 15:58:09.849863: I tensorflow/core/common_runtime/gpu/gpu_device.cc:1640] Found device 0 with properties: 
name: GeForce GTX 1080 major: 6 minor: 1 memoryClockRate(GHz): 1.7335
pciBusID: 0000:03:00.0
2019-11-14 15:58:09.850040: I tensorflow/stream_executor/platform/default/dso_loader.cc:42] Successfully opened dynamic library libcudart.so.9.0
2019-11-14 15:58:09.850093: I tensorflow/stream_executor/platform/default/dso_loader.cc:42] Successfully opened dynamic library libcublas.so.9.0
2019-11-14 15:58:09.850133: I tensorflow/stream_executor/platform/default/dso_loader.cc:42] Successfully opened dynamic library libcufft.so.9.0
2019-11-14 15:58:09.850172: I tensorflow/stream_executor/platform/default/dso_loader.cc:42] Successfully opened dynamic library libcurand.so.9.0
2019-11-14 15:58:09.850212: I tensorflow/stream_executor/platform/default/dso_loader.cc:42] Successfully opened dynamic library libcusolver.so.9.0
2019-11-14 15:58:09.850257: I tensorflow/stream_executor/platform/default/dso_loader.cc:42] Successfully opened dynamic library libcusparse.so.9.0
2019-11-14 15:58:09.850297: I tensorflow/stream_executor/platform/default/dso_loader.cc:42] Successfully opened dynamic library libcudnn.so.7
2019-11-14 15:58:09.851693: I tensorflow/core/common_runtime/gpu/gpu_device.cc:1763] Adding visible gpu devices: 0
2019-11-14 15:58:09.854141: I tensorflow/core/common_runtime/gpu/gpu_device.cc:1640] Found device 0 with properties: 
name: GeForce GTX 1080 major: 6 minor: 1 memoryClockRate(GHz): 1.7335
pciBusID: 0000:03:00.0
2019-11-14 15:58:09.854230: I tensorflow/stream_executor/platform/default/dso_loader.cc:42] Successfully opened dynamic library libcudart.so.9.0
2019-11-14 15:58:09.854277: I tensorflow/stream_executor/platform/default/dso_loader.cc:42] Successfully opened dynamic library libcublas.so.9.0
2019-11-14 15:58:09.854317: I tensorflow/stream_executor/platform/default/dso_loader.cc:42] Successfully opened dynamic library libcufft.so.9.0
2019-11-14 15:58:09.854356: I tensorflow/stream_executor/platform/default/dso_loader.cc:42] Successfully opened dynamic library libcurand.so.9.0
2019-11-14 15:58:09.854393: I tensorflow/stream_executor/platform/default/dso_loader.cc:42] Successfully opened dynamic library libcusolver.so.9.0
2019-11-14 15:58:09.854432: I tensorflow/stream_executor/platform/default/dso_loader.cc:42] Successfully opened dynamic library libcusparse.so.9.0
2019-11-14 15:58:09.854470: I tensorflow/stream_executor/platform/default/dso_loader.cc:42] Successfully opened dynamic library libcudnn.so.7
2019-11-14 15:58:09.855807: I tensorflow/core/common_runtime/gpu/gpu_device.cc:1763] Adding visible gpu devices: 0
2019-11-14 15:58:09.855852: I tensorflow/core/common_runtime/gpu/gpu_device.cc:1181] Device interconnect StreamExecutor with strength 1 edge matrix:
2019-11-14 15:58:09.855870: I tensorflow/core/common_runtime/gpu/gpu_device.cc:1187]      0 
2019-11-14 15:58:09.855884: I tensorflow/core/common_runtime/gpu/gpu_device.cc:1200] 0:   N 
2019-11-14 15:58:09.857348: I tensorflow/core/common_runtime/gpu/gpu_device.cc:1326] Created TensorFlow device (/job:localhost/replica:0/task:0/device:GPU:0 with 6677 MB memory) -> physical GPU (device: 0, name: GeForce GTX 1080, pci bus id: 0000:03:00.0, compute capability: 6.1)
2019-11-14 15:58:09.861110: I tensorflow/core/profiler/lib/profiler_session.cc:174] Profiler session started.
2019-11-14 15:58:09.876312: I tensorflow/stream_executor/platform/default/dso_loader.cc:42] Successfully opened dynamic library libcupti.so.9.0
2019-11-14 15:58:10.282537: I tensorflow/core/platform/default/device_tracer.cc:641] Collecting 525 kernel records, 6 memcpy records.
[I 15:58:31.249 NotebookApp] Starting buffering for 38405869-92d7-44ae-bf8f-5d034bd52441:334aec1f01f84684ab6ff9c636b394d8
[I 15:59:12.915 NotebookApp] Saving file at /VGG.ipynb
[I 16:00:45.707 NotebookApp] Starting buffering for 903d4f35-cfe1-48c7-8081-dd8cacdc85bb:ad924fdcad0f41e59ac7c87479367ad9
[I 16:01:20.645 NotebookApp] Adapting to protocol v5.1 for kernel 903d4f35-cfe1-48c7-8081-dd8cacdc85bb
[I 16:01:20.647 NotebookApp] Restoring connection for 903d4f35-cfe1-48c7-8081-dd8cacdc85bb:ad924fdcad0f41e59ac7c87479367ad9
[I 16:01:20.647 NotebookApp] Replaying 493 buffered messages
[I 16:03:12.716 NotebookApp] Saving file at /VGG.ipynb
[I 16:03:17.813 NotebookApp] Adapting to protocol v5.1 for kernel 903d4f35-cfe1-48c7-8081-dd8cacdc85bb
2019-11-14 16:04:59.124873: I tensorflow/core/profiler/lib/profiler_session.cc:174] Profiler session started.
2019-11-14 16:04:59.199772: I tensorflow/core/platform/default/device_tracer.cc:641] Collecting 525 kernel records, 6 memcpy records.
[I 16:05:20.973 NotebookApp] Saving file at /VGG.ipynb
[I 16:07:18.425 NotebookApp] Saving file at /VGG.ipynb
[I 16:09:20.274 NotebookApp] Saving file at /VGG.ipynb
[I 16:10:50.838 NotebookApp] Kernel interrupted: 903d4f35-cfe1-48c7-8081-dd8cacdc85bb
[W 16:11:09.614 NotebookApp] delete /logs/scalars/20191114-155516
[W 16:11:09.618 NotebookApp] delete /logs/scalars/20191114-160457
[I 16:11:25.940 NotebookApp] Saving file at /VGG.ipynb
[I 16:13:20.676 NotebookApp] Saving file at /VGG.ipynb
[W 16:14:13.631 NotebookApp] Notebook ConvNet model training.ipynb is not trusted
[I 16:14:16.895 NotebookApp] Adapting to protocol v5.1 for kernel d91b9d19-fe77-49af-89d5-5a4ba6d07db3
[I 16:14:25.212 NotebookApp] Adapting to protocol v5.1 for kernel 38405869-92d7-44ae-bf8f-5d034bd52441
[I 16:14:32.695 NotebookApp] Starting buffering for d91b9d19-fe77-49af-89d5-5a4ba6d07db3:64977d6f9952476aae7e9b29dd81a51a
[I 16:15:19.046 NotebookApp] Saving file at /VGG.ipynb
[I 16:15:23.935 NotebookApp] Kernel interrupted: 903d4f35-cfe1-48c7-8081-dd8cacdc85bb
[I 16:16:37.864 NotebookApp] Kernel interrupted: 903d4f35-cfe1-48c7-8081-dd8cacdc85bb
2019-11-14 16:16:41.266077: I tensorflow/core/profiler/lib/profiler_session.cc:174] Profiler session started.
2019-11-14 16:16:41.322552: I tensorflow/core/platform/default/device_tracer.cc:641] Collecting 522 kernel records, 6 memcpy records.
[I 16:17:09.118 NotebookApp] Kernel interrupted: 903d4f35-cfe1-48c7-8081-dd8cacdc85bb
[W 16:17:16.745 NotebookApp] delete /logs/scalars/20191114-160457
[W 16:17:16.786 NotebookApp] delete /logs/scalars/20191114-161640
[I 16:17:20.511 NotebookApp] Saving file at /VGG.ipynb
[I 16:17:29.960 NotebookApp] Starting buffering for 38405869-92d7-44ae-bf8f-5d034bd52441:93b3ae7617c64aa080b9a8a5915518e6
2019-11-14 16:17:37.414556: I tensorflow/core/profiler/lib/profiler_session.cc:174] Profiler session started.
2019-11-14 16:17:37.469589: I tensorflow/core/platform/default/device_tracer.cc:641] Collecting 522 kernel records, 6 memcpy records.
[I 16:19:19.693 NotebookApp] Saving file at /VGG.ipynb
[I 16:21:27.234 NotebookApp] Saving file at /VGG.ipynb
[W 16:21:52.234 NotebookApp] delete /logs/scalars/20191114-161733/events.out.tfevents.1573744657.mzouink-Precision-Tower-7910.profile-empty
[W 16:22:04.096 NotebookApp] 400 GET /api/contents/logs/scalars/20191114-161733/events.out.tfevents.1573744657.mzouink-Precision-Tower-7910?type=file&format=text&_=1573744922540 (127.0.0.1): /home/mzouink/Desktop/DL/cell_annotation_CNN/logs/scalars/20191114-161733/events.out.tfevents.1573744657.mzouink-Precision-Tower-7910 is not UTF-8 encoded
[W 16:22:04.096 NotebookApp] /home/mzouink/Desktop/DL/cell_annotation_CNN/logs/scalars/20191114-161733/events.out.tfevents.1573744657.mzouink-Precision-Tower-7910 is not UTF-8 encoded
[W 16:22:04.097 NotebookApp] 400 GET /api/contents/logs/scalars/20191114-161733/events.out.tfevents.1573744657.mzouink-Precision-Tower-7910?type=file&format=text&_=1573744922540 (127.0.0.1) 3.19ms referer=http://localhost:8888/edit/logs/scalars/20191114-161733/events.out.tfevents.1573744657.mzouink-Precision-Tower-7910
[I 16:23:21.100 NotebookApp] Saving file at /VGG.ipynb
[W 16:24:04.669 NotebookApp] 400 GET /api/contents/logs/scalars/20191114-161733/plugins/profile/2019-11-14_16-17-37/local.trace?type=file&format=text&_=1573745044379 (127.0.0.1): /home/mzouink/Desktop/DL/cell_annotation_CNN/logs/scalars/20191114-161733/plugins/profile/2019-11-14_16-17-37/local.trace is not UTF-8 encoded
[W 16:24:04.669 NotebookApp] /home/mzouink/Desktop/DL/cell_annotation_CNN/logs/scalars/20191114-161733/plugins/profile/2019-11-14_16-17-37/local.trace is not UTF-8 encoded
[W 16:24:04.670 NotebookApp] 400 GET /api/contents/logs/scalars/20191114-161733/plugins/profile/2019-11-14_16-17-37/local.trace?type=file&format=text&_=1573745044379 (127.0.0.1) 5.74ms referer=http://localhost:8888/edit/logs/scalars/20191114-161733/plugins/profile/2019-11-14_16-17-37/local.trace
[W 16:24:21.146 NotebookApp] 400 GET /api/contents/logs/scalars/20191114-161733/events.out.tfevents.1573744657.mzouink-Precision-Tower-7910?type=file&format=text&_=1573745060956 (127.0.0.1): /home/mzouink/Desktop/DL/cell_annotation_CNN/logs/scalars/20191114-161733/events.out.tfevents.1573744657.mzouink-Precision-Tower-7910 is not UTF-8 encoded
[W 16:24:21.146 NotebookApp] /home/mzouink/Desktop/DL/cell_annotation_CNN/logs/scalars/20191114-161733/events.out.tfevents.1573744657.mzouink-Precision-Tower-7910 is not UTF-8 encoded
[W 16:24:21.147 NotebookApp] 400 GET /api/contents/logs/scalars/20191114-161733/events.out.tfevents.1573744657.mzouink-Precision-Tower-7910?type=file&format=text&_=1573745060956 (127.0.0.1) 3.53ms referer=http://localhost:8888/edit/logs/scalars/20191114-161733/events.out.tfevents.1573744657.mzouink-Precision-Tower-7910
[I 16:25:18.952 NotebookApp] Saving file at /VGG.ipynb
[I 16:25:24.211 NotebookApp] Kernel interrupted: 903d4f35-cfe1-48c7-8081-dd8cacdc85bb
[W 16:25:31.418 NotebookApp] delete /logs/scalars/20191114-161733
[I 16:25:54.507 NotebookApp] Starting buffering for 903d4f35-cfe1-48c7-8081-dd8cacdc85bb:022aadf7404149e983d8ef2068b5ccc6
[I 16:25:56.323 NotebookApp] Kernel restarted: 903d4f35-cfe1-48c7-8081-dd8cacdc85bb
[I 16:25:57.831 NotebookApp] Adapting to protocol v5.1 for kernel 903d4f35-cfe1-48c7-8081-dd8cacdc85bb
[I 16:25:57.832 NotebookApp] Restoring connection for 903d4f35-cfe1-48c7-8081-dd8cacdc85bb:022aadf7404149e983d8ef2068b5ccc6
[I 16:25:57.832 NotebookApp] Replaying 10 buffered messages
2019-11-14 16:26:04.194520: I tensorflow/core/platform/cpu_feature_guard.cc:142] Your CPU supports instructions that this TensorFlow binary was not compiled to use: SSE4.1 SSE4.2 AVX AVX2 FMA
2019-11-14 16:26:04.230028: I tensorflow/core/platform/profile_utils/cpu_utils.cc:94] CPU Frequency: 2394310000 Hz
2019-11-14 16:26:04.233803: I tensorflow/compiler/xla/service/service.cc:168] XLA service 0x55a5c4b76af0 executing computations on platform Host. Devices:
2019-11-14 16:26:04.233860: I tensorflow/compiler/xla/service/service.cc:175]   StreamExecutor device (0): <undefined>, <undefined>
2019-11-14 16:26:04.238485: I tensorflow/stream_executor/platform/default/dso_loader.cc:42] Successfully opened dynamic library libcuda.so.1
2019-11-14 16:26:04.422856: I tensorflow/compiler/xla/service/service.cc:168] XLA service 0x55a5c661c840 executing computations on platform CUDA. Devices:
2019-11-14 16:26:04.422914: I tensorflow/compiler/xla/service/service.cc:175]   StreamExecutor device (0): GeForce GTX 1080, Compute Capability 6.1
2019-11-14 16:26:04.424159: I tensorflow/core/common_runtime/gpu/gpu_device.cc:1640] Found device 0 with properties: 
name: GeForce GTX 1080 major: 6 minor: 1 memoryClockRate(GHz): 1.7335
pciBusID: 0000:03:00.0
2019-11-14 16:26:04.424682: I tensorflow/stream_executor/platform/default/dso_loader.cc:42] Successfully opened dynamic library libcudart.so.9.0
2019-11-14 16:26:04.426662: I tensorflow/stream_executor/platform/default/dso_loader.cc:42] Successfully opened dynamic library libcublas.so.9.0
2019-11-14 16:26:04.429369: I tensorflow/stream_executor/platform/default/dso_loader.cc:42] Successfully opened dynamic library libcufft.so.9.0
2019-11-14 16:26:04.430010: I tensorflow/stream_executor/platform/default/dso_loader.cc:42] Successfully opened dynamic library libcurand.so.9.0
2019-11-14 16:26:04.432925: I tensorflow/stream_executor/platform/default/dso_loader.cc:42] Successfully opened dynamic library libcusolver.so.9.0
2019-11-14 16:26:04.435620: I tensorflow/stream_executor/platform/default/dso_loader.cc:42] Successfully opened dynamic library libcusparse.so.9.0
2019-11-14 16:26:04.440674: I tensorflow/stream_executor/platform/default/dso_loader.cc:42] Successfully opened dynamic library libcudnn.so.7
2019-11-14 16:26:04.441938: I tensorflow/core/common_runtime/gpu/gpu_device.cc:1763] Adding visible gpu devices: 0
2019-11-14 16:26:04.441999: I tensorflow/stream_executor/platform/default/dso_loader.cc:42] Successfully opened dynamic library libcudart.so.9.0
2019-11-14 16:26:04.443430: I tensorflow/core/common_runtime/gpu/gpu_device.cc:1181] Device interconnect StreamExecutor with strength 1 edge matrix:
2019-11-14 16:26:04.443449: I tensorflow/core/common_runtime/gpu/gpu_device.cc:1187]      0 
2019-11-14 16:26:04.443459: I tensorflow/core/common_runtime/gpu/gpu_device.cc:1200] 0:   N 
2019-11-14 16:26:04.444828: I tensorflow/core/common_runtime/gpu/gpu_device.cc:1326] Created TensorFlow device (/job:localhost/replica:0/task:0/device:GPU:0 with 6677 MB memory) -> physical GPU (device: 0, name: GeForce GTX 1080, pci bus id: 0000:03:00.0, compute capability: 6.1)
2019-11-14 16:26:06.702028: I tensorflow/stream_executor/platform/default/dso_loader.cc:42] Successfully opened dynamic library libcublas.so.9.0
2019-11-14 16:26:06.850555: I tensorflow/stream_executor/platform/default/dso_loader.cc:42] Successfully opened dynamic library libcudnn.so.7
2019-11-14 16:26:07.867980: I tensorflow/core/common_runtime/gpu/gpu_device.cc:1640] Found device 0 with properties: 
name: GeForce GTX 1080 major: 6 minor: 1 memoryClockRate(GHz): 1.7335
pciBusID: 0000:03:00.0
2019-11-14 16:26:07.868123: I tensorflow/stream_executor/platform/default/dso_loader.cc:42] Successfully opened dynamic library libcudart.so.9.0
2019-11-14 16:26:07.868170: I tensorflow/stream_executor/platform/default/dso_loader.cc:42] Successfully opened dynamic library libcublas.so.9.0
2019-11-14 16:26:07.868210: I tensorflow/stream_executor/platform/default/dso_loader.cc:42] Successfully opened dynamic library libcufft.so.9.0
2019-11-14 16:26:07.868249: I tensorflow/stream_executor/platform/default/dso_loader.cc:42] Successfully opened dynamic library libcurand.so.9.0
2019-11-14 16:26:07.868288: I tensorflow/stream_executor/platform/default/dso_loader.cc:42] Successfully opened dynamic library libcusolver.so.9.0
2019-11-14 16:26:07.868327: I tensorflow/stream_executor/platform/default/dso_loader.cc:42] Successfully opened dynamic library libcusparse.so.9.0
2019-11-14 16:26:07.868365: I tensorflow/stream_executor/platform/default/dso_loader.cc:42] Successfully opened dynamic library libcudnn.so.7
2019-11-14 16:26:07.869818: I tensorflow/core/common_runtime/gpu/gpu_device.cc:1763] Adding visible gpu devices: 0
2019-11-14 16:26:07.872096: I tensorflow/core/common_runtime/gpu/gpu_device.cc:1640] Found device 0 with properties: 
name: GeForce GTX 1080 major: 6 minor: 1 memoryClockRate(GHz): 1.7335
pciBusID: 0000:03:00.0
2019-11-14 16:26:07.872170: I tensorflow/stream_executor/platform/default/dso_loader.cc:42] Successfully opened dynamic library libcudart.so.9.0
2019-11-14 16:26:07.872215: I tensorflow/stream_executor/platform/default/dso_loader.cc:42] Successfully opened dynamic library libcublas.so.9.0
2019-11-14 16:26:07.872255: I tensorflow/stream_executor/platform/default/dso_loader.cc:42] Successfully opened dynamic library libcufft.so.9.0
2019-11-14 16:26:07.872294: I tensorflow/stream_executor/platform/default/dso_loader.cc:42] Successfully opened dynamic library libcurand.so.9.0
2019-11-14 16:26:07.872335: I tensorflow/stream_executor/platform/default/dso_loader.cc:42] Successfully opened dynamic library libcusolver.so.9.0
2019-11-14 16:26:07.872438: I tensorflow/stream_executor/platform/default/dso_loader.cc:42] Successfully opened dynamic library libcusparse.so.9.0
2019-11-14 16:26:07.872520: I tensorflow/stream_executor/platform/default/dso_loader.cc:42] Successfully opened dynamic library libcudnn.so.7
2019-11-14 16:26:07.874290: I tensorflow/core/common_runtime/gpu/gpu_device.cc:1763] Adding visible gpu devices: 0
2019-11-14 16:26:07.874324: I tensorflow/core/common_runtime/gpu/gpu_device.cc:1181] Device interconnect StreamExecutor with strength 1 edge matrix:
2019-11-14 16:26:07.874334: I tensorflow/core/common_runtime/gpu/gpu_device.cc:1187]      0 
2019-11-14 16:26:07.874342: I tensorflow/core/common_runtime/gpu/gpu_device.cc:1200] 0:   N 
2019-11-14 16:26:07.875554: I tensorflow/core/common_runtime/gpu/gpu_device.cc:1326] Created TensorFlow device (/job:localhost/replica:0/task:0/device:GPU:0 with 6677 MB memory) -> physical GPU (device: 0, name: GeForce GTX 1080, pci bus id: 0000:03:00.0, compute capability: 6.1)
2019-11-14 16:26:07.879880: I tensorflow/core/profiler/lib/profiler_session.cc:174] Profiler session started.
2019-11-14 16:26:07.882130: I tensorflow/stream_executor/platform/default/dso_loader.cc:42] Successfully opened dynamic library libcupti.so.9.0
2019-11-14 16:26:08.296966: I tensorflow/core/platform/default/device_tracer.cc:641] Collecting 520 kernel records, 6 memcpy records.
[I 16:27:19.104 NotebookApp] Saving file at /VGG.ipynb
[I 16:29:20.015 NotebookApp] Saving file at /VGG.ipynb
[I 16:31:19.016 NotebookApp] Saving file at /VGG.ipynb
[I 16:33:19.086 NotebookApp] Saving file at /VGG.ipynb
[I 16:35:18.967 NotebookApp] Saving file at /VGG.ipynb
[I 16:37:19.389 NotebookApp] Saving file at /VGG.ipynb
[I 16:39:18.855 NotebookApp] Saving file at /VGG.ipynb
[I 16:41:19.444 NotebookApp] Saving file at /VGG.ipynb
[I 16:43:19.216 NotebookApp] Saving file at /VGG.ipynb
[I 16:45:18.934 NotebookApp] Saving file at /VGG.ipynb
[I 16:47:19.198 NotebookApp] Saving file at /VGG.ipynb
[I 16:49:18.775 NotebookApp] Saving file at /VGG.ipynb
[I 16:51:18.964 NotebookApp] Saving file at /VGG.ipynb
[I 16:53:19.389 NotebookApp] Saving file at /VGG.ipynb
[I 16:55:19.489 NotebookApp] Saving file at /VGG.ipynb
[I 16:57:18.788 NotebookApp] Saving file at /VGG.ipynb
[I 16:59:19.549 NotebookApp] Saving file at /VGG.ipynb
[I 17:01:19.086 NotebookApp] Saving file at /VGG.ipynb
[I 17:03:18.809 NotebookApp] Saving file at /VGG.ipynb
[I 17:05:19.415 NotebookApp] Saving file at /VGG.ipynb
[I 17:07:19.971 NotebookApp] Saving file at /VGG.ipynb
[I 17:09:26.900 NotebookApp] Saving file at /VGG.ipynb
[I 17:11:30.550 NotebookApp] Saving file at /VGG.ipynb
[I 17:14:10.110 NotebookApp] Saving file at /VGG.ipynb
[I 17:16:37.503 NotebookApp] Saving file at /VGG.ipynb
[I 17:19:07.832 NotebookApp] Saving file at /VGG.ipynb
[I 17:21:37.518 NotebookApp] Saving file at /VGG.ipynb
[I 17:24:03.589 NotebookApp] Saving file at /VGG.ipynb
[I 17:26:39.933 NotebookApp] Saving file at /VGG.ipynb
[I 17:29:07.182 NotebookApp] Saving file at /VGG.ipynb
[I 17:32:02.482 NotebookApp] Saving file at /VGG.ipynb
[I 17:37:21.058 NotebookApp] Saving file at /VGG.ipynb
[I 17:42:26.732 NotebookApp] Saving file at /VGG.ipynb
[I 17:47:39.503 NotebookApp] Saving file at /VGG.ipynb
[I 17:52:46.277 NotebookApp] Saving file at /VGG.ipynb
[I 17:58:02.177 NotebookApp] Saving file at /VGG.ipynb
[I 18:03:30.859 NotebookApp] Saving file at /VGG.ipynb
[I 18:08:31.424 NotebookApp] Saving file at /VGG.ipynb
[I 18:16:23.632 NotebookApp] Saving file at /VGG.ipynb
[W 18:21:57.833 NotebookApp] WebSocket ping timeout after 91889 ms.
[W 18:21:57.929 NotebookApp] zmq message arrived on closed channel
[W 18:21:57.980 NotebookApp] zmq message arrived on closed channel
[W 18:21:58.030 NotebookApp] zmq message arrived on closed channel
[W 18:21:58.077 NotebookApp] zmq message arrived on closed channel
[W 18:21:58.130 NotebookApp] zmq message arrived on closed channel
[W 18:21:58.226 NotebookApp] zmq message arrived on closed channel
[W 18:21:58.320 NotebookApp] zmq message arrived on closed channel
[W 18:21:58.374 NotebookApp] zmq message arrived on closed channel
[W 18:21:58.425 NotebookApp] zmq message arrived on closed channel
[W 18:21:58.524 NotebookApp] zmq message arrived on closed channel
[W 18:21:58.622 NotebookApp] zmq message arrived on closed channel
[W 18:21:58.670 NotebookApp] zmq message arrived on closed channel
[W 18:21:58.873 NotebookApp] zmq message arrived on closed channel
[W 18:21:58.928 NotebookApp] zmq message arrived on closed channel
[W 18:21:59.021 NotebookApp] zmq message arrived on closed channel
[W 18:21:59.119 NotebookApp] zmq message arrived on closed channel
[W 18:21:59.173 NotebookApp] zmq message arrived on closed channel
[W 18:21:59.271 NotebookApp] zmq message arrived on closed channel
[W 18:21:59.321 NotebookApp] zmq message arrived on closed channel
[W 18:21:59.419 NotebookApp] zmq message arrived on closed channel
[W 18:21:59.516 NotebookApp] zmq message arrived on closed channel
[W 18:21:59.613 NotebookApp] zmq message arrived on closed channel
[W 18:21:59.709 NotebookApp] zmq message arrived on closed channel
[W 18:21:59.807 NotebookApp] zmq message arrived on closed channel
[W 18:21:59.906 NotebookApp] zmq message arrived on closed channel
[W 18:22:00.054 NotebookApp] zmq message arrived on closed channel
[W 18:22:00.106 NotebookApp] zmq message arrived on closed channel
[W 18:22:00.110 NotebookApp] zmq message arrived on closed channel
[W 18:22:00.157 NotebookApp] zmq message arrived on closed channel
[W 18:22:00.211 NotebookApp] zmq message arrived on closed channel
[W 18:22:00.262 NotebookApp] zmq message arrived on closed channel
[W 18:22:00.358 NotebookApp] zmq message arrived on closed channel
[W 18:22:00.451 NotebookApp] zmq message arrived on closed channel
[W 18:22:00.502 NotebookApp] zmq message arrived on closed channel
[W 18:22:00.600 NotebookApp] zmq message arrived on closed channel
[W 18:22:00.699 NotebookApp] zmq message arrived on closed channel
[W 18:22:00.749 NotebookApp] zmq message arrived on closed channel
[W 18:22:00.797 NotebookApp] zmq message arrived on closed channel
[W 18:22:00.850 NotebookApp] zmq message arrived on closed channel
[W 18:22:00.947 NotebookApp] zmq message arrived on closed channel
[W 18:22:01.045 NotebookApp] zmq message arrived on closed channel
[W 18:22:01.246 NotebookApp] zmq message arrived on closed channel
[W 18:22:01.301 NotebookApp] zmq message arrived on closed channel
[W 18:22:01.351 NotebookApp] zmq message arrived on closed channel
[W 18:22:01.445 NotebookApp] zmq message arrived on closed channel
[W 18:22:01.496 NotebookApp] zmq message arrived on closed channel
[W 18:22:01.550 NotebookApp] zmq message arrived on closed channel
[W 18:22:01.601 NotebookApp] zmq message arrived on closed channel
[W 18:22:01.699 NotebookApp] zmq message arrived on closed channel
[W 18:22:01.796 NotebookApp] zmq message arrived on closed channel
[W 18:22:01.850 NotebookApp] zmq message arrived on closed channel
[W 18:22:01.897 NotebookApp] zmq message arrived on closed channel
[W 18:22:01.951 NotebookApp] zmq message arrived on closed channel
[W 18:22:02.001 NotebookApp] zmq message arrived on closed channel
[W 18:22:02.101 NotebookApp] zmq message arrived on closed channel
[W 18:22:02.199 NotebookApp] zmq message arrived on closed channel
[W 18:22:02.251 NotebookApp] zmq message arrived on closed channel
[W 18:22:02.302 NotebookApp] zmq message arrived on closed channel
[W 18:22:02.462 NotebookApp] zmq message arrived on closed channel
[W 18:22:02.499 NotebookApp] zmq message arrived on closed channel
[W 18:22:02.516 NotebookApp] zmq message arrived on closed channel
[W 18:22:02.563 NotebookApp] zmq message arrived on closed channel
[W 18:22:02.618 NotebookApp] zmq message arrived on closed channel
[W 18:22:02.666 NotebookApp] zmq message arrived on closed channel
[W 18:22:02.760 NotebookApp] zmq message arrived on closed channel
[W 18:22:02.817 NotebookApp] zmq message arrived on closed channel
[I 18:22:02.835 NotebookApp] Starting buffering for 903d4f35-cfe1-48c7-8081-dd8cacdc85bb:022aadf7404149e983d8ef2068b5ccc6
[I 18:22:19.880 NotebookApp] Adapting to protocol v5.1 for kernel 903d4f35-cfe1-48c7-8081-dd8cacdc85bb
[I 18:22:19.882 NotebookApp] Restoring connection for 903d4f35-cfe1-48c7-8081-dd8cacdc85bb:022aadf7404149e983d8ef2068b5ccc6
[I 18:22:19.882 NotebookApp] Replaying 250 buffered messages
[I 18:46:47.360 NotebookApp] Saving file at /VGG.ipynb
[I 19:17:10.639 NotebookApp] Saving file at /VGG.ipynb
[W 19:24:19.883 NotebookApp] WebSocket ping timeout after 119781 ms.
[W 19:24:19.900 NotebookApp] zmq message arrived on closed channel
[W 19:24:19.953 NotebookApp] zmq message arrived on closed channel
[W 19:24:20.004 NotebookApp] zmq message arrived on closed channel
[W 19:24:20.054 NotebookApp] zmq message arrived on closed channel
[W 19:24:20.105 NotebookApp] zmq message arrived on closed channel
[W 19:24:20.199 NotebookApp] zmq message arrived on closed channel
[W 19:24:20.300 NotebookApp] zmq message arrived on closed channel
[W 19:24:20.398 NotebookApp] zmq message arrived on closed channel
[W 19:24:20.496 NotebookApp] zmq message arrived on closed channel
[W 19:24:20.595 NotebookApp] zmq message arrived on closed channel
[W 19:24:20.646 NotebookApp] zmq message arrived on closed channel
[W 19:24:20.743 NotebookApp] zmq message arrived on closed channel
[W 19:24:20.945 NotebookApp] zmq message arrived on closed channel
[W 19:24:21.001 NotebookApp] zmq message arrived on closed channel
[W 19:24:21.052 NotebookApp] zmq message arrived on closed channel
[W 19:24:21.102 NotebookApp] zmq message arrived on closed channel
[W 19:24:21.150 NotebookApp] zmq message arrived on closed channel
[W 19:24:21.204 NotebookApp] zmq message arrived on closed channel
[W 19:24:21.253 NotebookApp] zmq message arrived on closed channel
[W 19:24:21.307 NotebookApp] zmq message arrived on closed channel
[W 19:24:21.358 NotebookApp] zmq message arrived on closed channel
[W 19:24:21.410 NotebookApp] zmq message arrived on closed channel
[W 19:24:21.457 NotebookApp] zmq message arrived on closed channel
[W 19:24:21.510 NotebookApp] zmq message arrived on closed channel
[W 19:24:21.560 NotebookApp] zmq message arrived on closed channel
[W 19:24:21.614 NotebookApp] zmq message arrived on closed channel
[W 19:24:21.662 NotebookApp] zmq message arrived on closed channel
[W 19:24:21.759 NotebookApp] zmq message arrived on closed channel
[W 19:24:21.860 NotebookApp] zmq message arrived on closed channel
[W 19:24:21.954 NotebookApp] zmq message arrived on closed channel
[W 19:24:22.005 NotebookApp] zmq message arrived on closed channel
[W 19:24:22.158 NotebookApp] zmq message arrived on closed channel
[W 19:24:22.160 NotebookApp] zmq message arrived on closed channel
[W 19:24:22.207 NotebookApp] zmq message arrived on closed channel
[W 19:24:22.211 NotebookApp] zmq message arrived on closed channel
[W 19:24:22.261 NotebookApp] zmq message arrived on closed channel
[W 19:24:22.313 NotebookApp] zmq message arrived on closed channel
[W 19:24:22.406 NotebookApp] zmq message arrived on closed channel
[W 19:24:22.500 NotebookApp] zmq message arrived on closed channel
[W 19:24:22.596 NotebookApp] zmq message arrived on closed channel
[W 19:24:22.692 NotebookApp] zmq message arrived on closed channel
[W 19:24:22.742 NotebookApp] zmq message arrived on closed channel
[W 19:24:22.839 NotebookApp] zmq message arrived on closed channel
[W 19:24:22.933 NotebookApp] zmq message arrived on closed channel
[W 19:24:23.030 NotebookApp] zmq message arrived on closed channel
[W 19:24:23.125 NotebookApp] zmq message arrived on closed channel
[W 19:24:23.320 NotebookApp] zmq message arrived on closed channel
[W 19:24:23.326 NotebookApp] zmq message arrived on closed channel
[W 19:24:23.376 NotebookApp] zmq message arrived on closed channel
[W 19:24:23.472 NotebookApp] zmq message arrived on closed channel
[W 19:24:23.571 NotebookApp] zmq message arrived on closed channel
[W 19:24:23.622 NotebookApp] zmq message arrived on closed channel
[W 19:24:23.672 NotebookApp] zmq message arrived on closed channel
[W 19:24:23.726 NotebookApp] zmq message arrived on closed channel
[W 19:24:23.823 NotebookApp] zmq message arrived on closed channel
[W 19:24:23.921 NotebookApp] zmq message arrived on closed channel
[W 19:24:24.019 NotebookApp] zmq message arrived on closed channel
[W 19:24:24.117 NotebookApp] zmq message arrived on closed channel
[W 19:24:24.211 NotebookApp] zmq message arrived on closed channel
[W 19:24:24.309 NotebookApp] zmq message arrived on closed channel
[W 19:24:24.511 NotebookApp] zmq message arrived on closed channel
[W 19:24:24.565 NotebookApp] zmq message arrived on closed channel
[W 19:24:24.662 NotebookApp] zmq message arrived on closed channel
[W 19:24:24.714 NotebookApp] zmq message arrived on closed channel
[W 19:24:24.764 NotebookApp] zmq message arrived on closed channel
[W 19:24:24.813 NotebookApp] zmq message arrived on closed channel
[W 19:24:24.865 NotebookApp] zmq message arrived on closed channel
[I 19:24:24.885 NotebookApp] Starting buffering for 903d4f35-cfe1-48c7-8081-dd8cacdc85bb:022aadf7404149e983d8ef2068b5ccc6
[I 15:01:58.776 NotebookApp] Adapting to protocol v5.1 for kernel 903d4f35-cfe1-48c7-8081-dd8cacdc85bb
[I 15:01:58.778 NotebookApp] Discarding 18866 buffered messages for 903d4f35-cfe1-48c7-8081-dd8cacdc85bb:022aadf7404149e983d8ef2068b5ccc6
[W 15:51:28.779 NotebookApp] WebSocket ping timeout after 119898 ms.
[I 15:51:33.783 NotebookApp] Starting buffering for 903d4f35-cfe1-48c7-8081-dd8cacdc85bb:67d23796e9bd4fcf9daf7dc9ddb28fb6
[W 16:06:16.251 NotebookApp] Clearing invalid/expired login cookie username-127-0-0-1-8888
[W 16:06:16.252 NotebookApp] Forbidden
[W 16:06:16.253 NotebookApp] 403 GET /api/sessions?_=1573966903953 (127.0.0.1) 5.14ms referer=http://127.0.0.1:8888/tree/p1_navigation
[W 16:06:16.255 NotebookApp] Clearing invalid/expired login cookie username-127-0-0-1-8888
[W 16:06:16.256 NotebookApp] Forbidden
[W 16:06:16.256 NotebookApp] 403 GET /api/terminals?_=1573966903954 (127.0.0.1) 1.87ms referer=http://127.0.0.1:8888/tree/p1_navigation
[I 16:09:37.688 NotebookApp] 302 GET / (127.0.0.1) 1.10ms
[I 16:11:35.910 NotebookApp] Shutting down on /api/shutdown request.
[I 16:11:35.911 NotebookApp] Shutting down 4 kernels
[I 16:11:37.317 NotebookApp] Kernel shutdown: 903d4f35-cfe1-48c7-8081-dd8cacdc85bb
[I 16:11:37.318 NotebookApp] Kernel shutdown: 7e27583a-cfb1-4a5d-b313-c54c208b7845
[I 16:11:37.318 NotebookApp] Kernel shutdown: 38405869-92d7-44ae-bf8f-5d034bd52441
[I 16:11:37.319 NotebookApp] Kernel shutdown: d91b9d19-fe77-49af-89d5-5a4ba6d07db3
